<?xml version="1.0" encoding="UTF-8"?>
<testsuite xmlns:xsi="http://www.w3.org/2001/XMLSchema-instance" xsi:noNamespaceSchemaLocation="https://maven.apache.org/surefire/maven-surefire-plugin/xsd/surefire-test-report-3.0.xsd" version="3.0" name="com.itheima.UserServiceTest" time="0.042" tests="2" errors="0" skipped="0" failures="0">
  <properties>
    <property name="sun.desktop" value="windows"/>
    <property name="awt.toolkit" value="sun.awt.windows.WToolkit"/>
    <property name="file.encoding.pkg" value="sun.io"/>
    <property name="java.specification.version" value="1.8"/>
    <property name="sun.cpu.isalist" value="amd64"/>
    <property name="sun.jnu.encoding" value="GBK"/>
    <property name="java.class.path" value="D:\GitHub_Code\Java-Web\java_web\maven-project01\target\test-classes;D:\GitHub_Code\Java-Web\java_web\maven-project01\target\classes;D:\soft\apache-maven-3.9.4\repo\ch\qos\logback\logback-classic\1.4.12\logback-classic-1.4.12.jar;D:\soft\apache-maven-3.9.4\repo\ch\qos\logback\logback-core\1.4.12\logback-core-1.4.12.jar;D:\soft\apache-maven-3.9.4\repo\org\slf4j\slf4j-api\2.0.7\slf4j-api-2.0.7.jar;D:\soft\apache-maven-3.9.4\repo\org\junit\jupiter\junit-jupiter\5.10.2\junit-jupiter-5.10.2.jar;D:\soft\apache-maven-3.9.4\repo\org\junit\jupiter\junit-jupiter-api\5.10.2\junit-jupiter-api-5.10.2.jar;D:\soft\apache-maven-3.9.4\repo\org\opentest4j\opentest4j\1.3.0\opentest4j-1.3.0.jar;D:\soft\apache-maven-3.9.4\repo\org\junit\platform\junit-platform-commons\1.10.2\junit-platform-commons-1.10.2.jar;D:\soft\apache-maven-3.9.4\repo\org\apiguardian\apiguardian-api\1.1.2\apiguardian-api-1.1.2.jar;D:\soft\apache-maven-3.9.4\repo\org\junit\jupiter\junit-jupiter-params\5.10.2\junit-jupiter-params-5.10.2.jar;D:\soft\apache-maven-3.9.4\repo\org\junit\jupiter\junit-jupiter-engine\5.10.2\junit-jupiter-engine-5.10.2.jar;D:\soft\apache-maven-3.9.4\repo\org\junit\platform\junit-platform-engine\1.10.2\junit-platform-engine-1.10.2.jar;"/>
    <property name="java.vm.vendor" value="Oracle Corporation"/>
    <property name="sun.arch.data.model" value="64"/>
    <property name="user.variant" value=""/>
    <property name="java.vendor.url" value="http://java.oracle.com/"/>
    <property name="user.timezone" value="Asia/Shanghai"/>
    <property name="java.vm.specification.version" value="1.8"/>
    <property name="os.name" value="Windows 10"/>
    <property name="user.country" value="CN"/>
    <property name="sun.java.launcher" value="SUN_STANDARD"/>
    <property name="sun.boot.library.path" value="C:\Program Files\Java\jdk1.8.0_131\jre\bin"/>
    <property name="sun.java.command" value="C:\Users\26909\AppData\Local\Temp\surefire4203387689218472018\surefirebooter-20250702143033331_3.jar C:\Users\26909\AppData\Local\Temp\surefire4203387689218472018 2025-07-02T14-30-31_001-jvmRun1 surefire-20250702143033331_1tmp surefire_0-20250702143033331_2tmp"/>
    <property name="surefire.test.class.path" value="D:\GitHub_Code\Java-Web\java_web\maven-project01\target\test-classes;D:\GitHub_Code\Java-Web\java_web\maven-project01\target\classes;D:\soft\apache-maven-3.9.4\repo\ch\qos\logback\logback-classic\1.4.12\logback-classic-1.4.12.jar;D:\soft\apache-maven-3.9.4\repo\ch\qos\logback\logback-core\1.4.12\logback-core-1.4.12.jar;D:\soft\apache-maven-3.9.4\repo\org\slf4j\slf4j-api\2.0.7\slf4j-api-2.0.7.jar;D:\soft\apache-maven-3.9.4\repo\org\junit\jupiter\junit-jupiter\5.10.2\junit-jupiter-5.10.2.jar;D:\soft\apache-maven-3.9.4\repo\org\junit\jupiter\junit-jupiter-api\5.10.2\junit-jupiter-api-5.10.2.jar;D:\soft\apache-maven-3.9.4\repo\org\opentest4j\opentest4j\1.3.0\opentest4j-1.3.0.jar;D:\soft\apache-maven-3.9.4\repo\org\junit\platform\junit-platform-commons\1.10.2\junit-platform-commons-1.10.2.jar;D:\soft\apache-maven-3.9.4\repo\org\apiguardian\apiguardian-api\1.1.2\apiguardian-api-1.1.2.jar;D:\soft\apache-maven-3.9.4\repo\org\junit\jupiter\junit-jupiter-params\5.10.2\junit-jupiter-params-5.10.2.jar;D:\soft\apache-maven-3.9.4\repo\org\junit\jupiter\junit-jupiter-engine\5.10.2\junit-jupiter-engine-5.10.2.jar;D:\soft\apache-maven-3.9.4\repo\org\junit\platform\junit-platform-engine\1.10.2\junit-platform-engine-1.10.2.jar;"/>
    <property name="sun.cpu.endian" value="little"/>
    <property name="user.home" value="C:\Users\26909"/>
    <property name="user.language" value="zh"/>
    <property name="java.specification.vendor" value="Oracle Corporation"/>
    <property name="java.home" value="C:\Program Files\Java\jdk1.8.0_131\jre"/>
    <property name="basedir" value="D:\GitHub_Code\Java-Web\java_web\maven-project01"/>
    <property name="file.separator" value="\"/>
    <property name="line.separator" value="&#10;"/>
    <property name="java.vm.specification.vendor" value="Oracle Corporation"/>
    <property name="java.specification.name" value="Java Platform API Specification"/>
    <property name="java.awt.graphicsenv" value="sun.awt.Win32GraphicsEnvironment"/>
    <property name="surefire.real.class.path" value="C:\Users\26909\AppData\Local\Temp\surefire4203387689218472018\surefirebooter-20250702143033331_3.jar"/>
    <property name="sun.boot.class.path" value="C:\Program Files\Java\jdk1.8.0_131\jre\lib\resources.jar;C:\Program Files\Java\jdk1.8.0_131\jre\lib\rt.jar;C:\Program Files\Java\jdk1.8.0_131\jre\lib\sunrsasign.jar;C:\Program Files\Java\jdk1.8.0_131\jre\lib\jsse.jar;C:\Program Files\Java\jdk1.8.0_131\jre\lib\jce.jar;C:\Program Files\Java\jdk1.8.0_131\jre\lib\charsets.jar;C:\Program Files\Java\jdk1.8.0_131\jre\lib\jfr.jar;C:\Program Files\Java\jdk1.8.0_131\jre\classes"/>
    <property name="user.script" value=""/>
    <property name="sun.management.compiler" value="HotSpot 64-Bit Tiered Compilers"/>
    <property name="java.runtime.version" value="1.8.0_131-b11"/>
    <property name="user.name" value="26909"/>
    <property name="path.separator" value=";"/>
    <property name="os.version" value="10.0"/>
    <property name="java.endorsed.dirs" value="C:\Program Files\Java\jdk1.8.0_131\jre\lib\endorsed"/>
    <property name="java.runtime.name" value="Java(TM) SE Runtime Environment"/>
    <property name="file.encoding" value="GBK"/>
    <property name="java.vm.name" value="Java HotSpot(TM) 64-Bit Server VM"/>
    <property name="localRepository" value="D:\soft\apache-maven-3.9.4\repo"/>
    <property name="java.vendor.url.bug" value="http://bugreport.sun.com/bugreport/"/>
    <property name="java.io.tmpdir" value="C:\Users\26909\AppData\Local\Temp\"/>
    <property name="idea.version" value="2024.3"/>
    <property name="java.version" value="1.8.0_131"/>
    <property name="user.dir" value="D:\GitHub_Code\Java-Web\java_web\maven-project01"/>
    <property name="os.arch" value="amd64"/>
    <property name="java.vm.specification.name" value="Java Virtual Machine Specification"/>
    <property name="java.awt.printerjob" value="sun.awt.windows.WPrinterJob"/>
    <property name="sun.os.patch.level" value=""/>
    <property name="java.library.path" value="C:\Program Files\Java\jdk1.8.0_131\jre\bin;C:\WINDOWS\Sun\Java\bin;C:\WINDOWS\system32;C:\WINDOWS;C:\ProgramData\Oracle\Java\javapath;C:\WINDOWS\system32;D:\soft\mysql\bin;C:\WINDOWS;C:\WINDOWS\System32\Wbem;C:\WINDOWS\System32\WindowsPowerShell\v1.0\;C:\WINDOWS\System32\OpenSSH\;D:\Windows Kits\10\Windows Performance Toolkit\;C:\Program Files\dotnet\;C:\Program Files\Git\cmd;C:\Program Files\TortoiseGit\bin;C:\Program Files\Java\jdk1.8.0_131;C:\Program Files\Java\jdk1.8.0_131\bin;C:\Users\26909\AppData\Local\Temp\_MEI18282\PyQt5\Qt5\bin;C:\Users\26909\AppData\Local\Temp\_MEI18282\pywin32_system32;C:\ProgramData\Oracle\Java\javapath;C:\Windows\system32;C:\Windows;C:\Windows\System32\Wbem;C:\Windows\System32\WindowsPowerShell\v1.0\;C:\Windows\System32\OpenSSH\;D:\Windows Kits\10\Windows Performance Toolkit\;C:\Program Files\dotnet\;C:\Users\26909\AppData\Local\Microsoft\WindowsApps;D:\jdk\bin;D:\Visual Studio Code\Microsoft VS Code\bin;%USERPROFILE%\AppData\Local\Microsoft\WindowsApps;;."/>
    <property name="java.vm.info" value="mixed mode"/>
    <property name="java.vendor" value="Oracle Corporation"/>
    <property name="java.vm.version" value="25.131-b11"/>
    <property name="java.ext.dirs" value="C:\Program Files\Java\jdk1.8.0_131\jre\lib\ext;C:\WINDOWS\Sun\Java\lib\ext"/>
    <property name="sun.io.unicode.encoding" value="UnicodeLittle"/>
    <property name="java.class.version" value="52.0"/>
  </properties>
  <testcase name="testGetGender" classname="com.itheima.UserServiceTest" time="0.016">
    <system-out><![CDATA[性别:男
]]></system-out>
  </testcase>
  <testcase name="testGetAge" classname="com.itheima.UserServiceTest" time="0.011">
    <system-out><![CDATA[年龄为:22
]]></system-out>
  </testcase>
</testsuite>